<?xml version="1.0" encoding="UTF-8"?>
<!-- Generated by org.testng.reporters.JUnitReportReporter -->
<testsuite hostname="Arunachelam" failures="0" tests="1" name="com_adactin_testcases.BookingConfirmationPageTest" time="67.893" errors="0" timestamp="2023-02-27T18:32:07 IST" skipped="0">
  <testcase classname="com_adactin_testcases.BookingConfirmationPageTest" name="bookingtest" time="67.893"/>
  <system-out/>
</testsuite> <!-- com_adactin_testcases.BookingConfirmationPageTest -->
