<?xml version="1.0" encoding="UTF-8"?>
<!-- Generated by org.testng.reporters.JUnitReportReporter -->
<testsuite hostname="Arunachelam" failures="0" tests="1" name="com_adactin_testcases.BookHotelPageTest" time="11.777" errors="0" timestamp="2023-02-27T10:07:27 IST" skipped="0">
  <testcase classname="com_adactin_testcases.BookHotelPageTest" name="bookhoteltest" time="11.777"/>
  <system-out/>
</testsuite> <!-- com_adactin_testcases.BookHotelPageTest -->
