<?xml version="1.0" encoding="UTF-8"?>
<!-- Generated by org.testng.reporters.JUnitReportReporter -->
<testsuite hostname="Arunachelam" failures="0" tests="1" name="com_adactin_testcases.LoginTest" time="8.828" errors="0" timestamp="2023-02-24T20:56:28 IST" skipped="0">
  <testcase classname="com_adactin_testcases.LoginTest" name="logintest" time="8.828"/>
  <system-out/>
</testsuite> <!-- com_adactin_testcases.LoginTest -->
