<?xml version="1.0" encoding="UTF-8"?>
<!-- Generated by org.testng.reporters.JUnitReportReporter -->
<testsuite hostname="Arunachelam" failures="0" tests="1" name="test.TestScript" time="5.776" errors="0" timestamp="2023-02-18T18:47:14 IST" skipped="0">
  <testcase classname="test.TestScript" name="script" time="5.776"/>
  <system-out/>
</testsuite> <!-- test.TestScript -->
