<?xml version="1.0" encoding="UTF-8"?>
<!-- Generated by org.testng.reporters.JUnitReportReporter -->
<testsuite hostname="Arunachelam" failures="0" tests="1" name="com_adactin_testcases.SearchHotelPageTest" time="11.238" errors="0" timestamp="2023-02-25T14:48:16 IST" skipped="0">
  <testcase classname="com_adactin_testcases.SearchHotelPageTest" name="SearchHotelTest" time="11.238"/>
  <system-out/>
</testsuite> <!-- com_adactin_testcases.SearchHotelPageTest -->
