<?xml version="1.0" encoding="UTF-8"?>
<!-- Generated by org.testng.reporters.JUnitReportReporter -->
<testsuite hostname="Arunachelam" failures="0" tests="1" name="com_adactin_testcases.SelectHotelPageTest" time="15.535" errors="0" timestamp="2023-02-25T15:26:43 IST" skipped="0">
  <testcase classname="com_adactin_testcases.SelectHotelPageTest" name="selecthoteltest" time="15.535"/>
  <system-out/>
</testsuite> <!-- com_adactin_testcases.SelectHotelPageTest -->
