<?xml version="1.0" encoding="UTF-8"?>
<!-- Generated by org.testng.reporters.JUnitReportReporter -->
<testsuite hostname="Arunachelam" failures="0" tests="1" name="com_adactin_testcases.LoginPageTest" time="9.269" errors="0" timestamp="2023-02-24T23:42:21 IST" skipped="0">
  <testcase classname="com_adactin_testcases.LoginPageTest" name="loginpagetest" time="9.269"/>
  <system-out/>
</testsuite> <!-- com_adactin_testcases.LoginPageTest -->
